d:\project\dx11__practice\dx11_3d\intermediate\debug\engine.pch
d:\project\dx11__practice\dx11_3d\libraries\lib\engine\engine.pdb
d:\project\dx11__practice\dx11_3d\libraries\lib\engine\engine.idb
d:\project\dx11__practice\dx11_3d\intermediate\debug\pch.obj
d:\project\dx11__practice\dx11_3d\intermediate\debug\vertexdata.obj
d:\project\dx11__practice\dx11_3d\intermediate\debug\vertexbuffer.obj
d:\project\dx11__practice\dx11_3d\intermediate\debug\utils.obj
d:\project\dx11__practice\dx11_3d\intermediate\debug\timemanager.obj
d:\project\dx11__practice\dx11_3d\intermediate\debug\texture.obj
d:\project\dx11__practice\dx11_3d\intermediate\debug\technique.obj
d:\project\dx11__practice\dx11_3d\intermediate\debug\simplemath.obj
d:\project\dx11__practice\dx11_3d\intermediate\debug\shader.obj
d:\project\dx11__practice\dx11_3d\intermediate\debug\resourcemanager.obj
d:\project\dx11__practice\dx11_3d\intermediate\debug\resourcebase.obj
d:\project\dx11__practice\dx11_3d\intermediate\debug\pass.obj
d:\project\dx11__practice\dx11_3d\intermediate\debug\inputmanager.obj
d:\project\dx11__practice\dx11_3d\intermediate\debug\indexbuffer.obj
d:\project\dx11__practice\dx11_3d\intermediate\debug\iexecute.obj
d:\project\dx11__practice\dx11_3d\intermediate\debug\graphics.obj
d:\project\dx11__practice\dx11_3d\intermediate\debug\geometryhelper.obj
d:\project\dx11__practice\dx11_3d\intermediate\debug\geometry.obj
d:\project\dx11__practice\dx11_3d\intermediate\debug\game.obj
d:\project\dx11__practice\dx11_3d\intermediate\debug\constantbuffer.obj
d:\project\dx11__practice\dx11_3d\intermediate\debug\tinyxml2.obj
d:\project\dx11__practice\dx11_3d\libraries\lib\engine\engine.lib
d:\project\dx11__practice\dx11_3d\intermediate\debug\01. triangledemo.obj
d:\project\dx11__practice\dx11_3d\intermediate\debug\main.obj
d:\project\dx11__practice\dx11_3d\intermediate\debug\rectangledemo.obj
d:\project\dx11__practice\dx11_3d\intermediate\debug\client.ilk
d:\project\dx11__practice\dx11_3d\intermediate\debug\client.pch
d:\project\dx11__practice\dx11_3d\intermediate\debug\vc143.idb
d:\project\dx11__practice\dx11_3d\intermediate\debug\vc143.pdb
d:\project\dx11__practice\dx11_3d\intermediate\debug\engine.vcxproj.filelistabsolute.txt
d:\project\dx11__practice\dx11_3d\intermediate\debug\engine.tlog\cl.command.1.tlog
d:\project\dx11__practice\dx11_3d\intermediate\debug\engine.tlog\cl.read.1.tlog
d:\project\dx11__practice\dx11_3d\intermediate\debug\engine.tlog\cl.write.1.tlog
d:\project\dx11__practice\dx11_3d\intermediate\debug\engine.tlog\lib-link.read.1.tlog
d:\project\dx11__practice\dx11_3d\intermediate\debug\engine.tlog\lib-link.write.1.tlog
d:\project\dx11__practice\dx11_3d\intermediate\debug\engine.tlog\lib.command.1.tlog
